<?xml version="1.0" encoding="UTF-8"?>
<!-- Generated by org.testng.reporters.JUnitXMLReporter -->
<testsuite ignored="0" hostname="DESKTOP-5CLUJLF" failures="1" tests="1" name="Regression" time="51.952" errors="0" timestamp="2024-01-21T20:40:57 ICT">
  <testcase classname="testcase.LoginTestcase" name="loginSuccess" time="34.871">
    <failure type="java.lang.AssertionError" message="ELEMENT not visible!">
      <![CDATA[java.lang.AssertionError: ELEMENT not visible!
at common.CommonUI.waitUntilVisible(CommonUI.java:130)
at common.CommonUI.clickOnElement(CommonUI.java:43)
at page.HomePage.clickOnLoginBtn(HomePage.java:33)
at testcase.LoginTestcase.loginSuccess(LoginTestcase.java:33)
at java.base/java.util.ArrayList.forEach(ArrayList.java:1511)
... Removed 32 stack frames]]>
    </failure>
  </testcase> <!-- loginSuccess -->
</testsuite> <!-- Regression -->
